{
  "RSpec": {
    "coverage": {
      "/home/blessed-thread-7340/tic-tac-toe-rb-online-web-sp-000/lib/tic_tac_toe.rb": [
        null,
        null,
        1,
        null,
        null,
        null,
        null,
        null,
        null,
        null,
        null,
        null,
        null,
        1,
        25,
        25,
        25,
        25,
        25,
        null,
        null,
        null,
        1,
        24,
        null,
        null,
        null,
        1,
        23,
        null,
        null,
        null,
        1,
        115,
        null,
        null,
        null,
        1,
        24,
        null,
        null,
        null,
        1,
        22,
        22,
        198,
        32,
        null,
        166,
        null,
        null,
        22,
        null,
        null,
        null,
        1,
        21,
        14,
        null,
        7,
        null,
        null,
        null,
        null,
        1,
        21,
        21,
        21,
        21,
        20,
        20,
        null,
        1,
        null,
        null,
        null,
        null,
        1,
        49,
        300,
        null,
        null,
        null,
        null,
        null,
        null,
        1,
        237,
        null,
        null,
        null,
        null,
        1,
        30,
        null,
        null,
        null,
        1,
        22,
        null,
        null,
        null,
        1,
        7,
        6,
        null,
        null,
        null,
        null,
        null,
        null,
        1,
        12,
        12,
        5,
        7,
        3,
        null,
        null
      ]
    },
    "timestamp": 1608913222
  }
}
